<?xml version="1.0" encoding="UTF-8"?>
<!-- Generated by org.testng.reporters.JUnitXMLReporter -->
<testsuite hostname="dorendezvous" ignored="0" name="Test" tests="4" failures="0" timestamp="22 Nov 2018 19:00:07 GMT" time="0.038" errors="0">
  <testcase name="deleteTwitter" time="0.006" classname="nayaproject.restapiTest"/>
  <testcase name="postJira" time="0.001" classname="nayaproject.restapiTest"/>
  <testcase name="BrowserAutomaion" time="0.0" classname="nayaproject.seleniumTest"/>
  <testcase name="elementUI" time="0.0" classname="nayaproject.seleniumTest"/>
</testsuite> <!-- Test -->
